\BOOKMARK [0][-]{section*.1}{Approval}{}% 1
\BOOKMARK [0][-]{section*.3}{Agreement}{}% 2
\BOOKMARK [0][-]{section*.5}{Abstract}{}% 3
\BOOKMARK [0][-]{section*.7}{Table of Contents}{}% 4
\BOOKMARK [0][-]{section*.8}{List of Tables}{}% 5
\BOOKMARK [0][-]{section*.9}{List of Figures}{}% 6
\BOOKMARK [0][-]{chapter.1}{Motivation}{}% 7
\BOOKMARK [0][-]{chapter.2}{Background Information}{}% 8
\BOOKMARK [1][-]{section.2.1}{Skill-Biased Technological Change}{chapter.2}% 9
\BOOKMARK [1][-]{section.2.2}{Routine-Biased Technological Change}{chapter.2}% 10
\BOOKMARK [1][-]{section.2.3}{Evidence of Polarization in Canada}{chapter.2}% 11
\BOOKMARK [0][-]{chapter.3}{Data}{}% 12
\BOOKMARK [1][-]{section.3.1}{Employment and Wages}{chapter.3}% 13
\BOOKMARK [1][-]{section.3.2}{Routine Task Intensity \(RTI\) and Offshorability}{chapter.3}% 14
\BOOKMARK [1][-]{section.3.3}{Data Patterns}{chapter.3}% 15
\BOOKMARK [2][-]{subsection.3.3.1}{Employment Shares by Occupation and Province}{section.3.3}% 16
\BOOKMARK [2][-]{subsection.3.3.2}{RTI and Offshorability vs. Total Employment and Wages}{section.3.3}% 17
\BOOKMARK [2][-]{subsection.3.3.3}{RTI and Offshorability vs. Employment Share and Relative Wage}{section.3.3}% 18
\BOOKMARK [0][-]{chapter.4}{Methodology}{}% 19
\BOOKMARK [1][-]{section.4.1}{Pooled OLS Regression Model}{chapter.4}% 20
\BOOKMARK [1][-]{section.4.2}{Fixed Effects Regression Model}{chapter.4}% 21
\BOOKMARK [2][-]{subsection.4.2.1}{Least-Squares Dummy Variable Model}{section.4.2}% 22
\BOOKMARK [2][-]{subsection.4.2.2}{Two-Ways \215Within\216 Fixed Effects Model}{section.4.2}% 23
\BOOKMARK [0][-]{chapter.5}{Results}{}% 24
\BOOKMARK [0][-]{chapter.6}{Conclusion}{}% 25
\BOOKMARK [0][-]{section*.10}{Bibliography}{}% 26
\BOOKMARK [0][-]{chapter.7}{Bibliography}{}% 27
\BOOKMARK [0][-]{Appendix.a.A}{Appendix Acronyms}{}% 28
\BOOKMARK [0][-]{Appendix.a.B}{Appendix Coding}{}% 29
