This is pdfTeX, Version 3.14159265-2.6-1.40.20 (TeX Live 2019) (preloaded format=pdflatex 2019.5.8)  15 SEP 2021 17:02
entering extended mode
 restricted \write18 enabled.
 %&-line parsing enabled.
**"The Effects of Automation on Industry Employment in Canada.tex"
(./The Effects of Automation on Industry Employment in Canada.tex
LaTeX2e <2018-12-01>
(/usr/local/texlive/2019/texmf-dist/tex/latex/base/article.cls
Document Class: article 2018/09/03 v1.4i Standard LaTeX document class
(/usr/local/texlive/2019/texmf-dist/tex/latex/base/size12.clo
File: size12.clo 2018/09/03 v1.4i Standard LaTeX file (size option)
)
\c@part=\count80
\c@section=\count81
\c@subsection=\count82
\c@subsubsection=\count83
\c@paragraph=\count84
\c@subparagraph=\count85
\c@figure=\count86
\c@table=\count87
\abovecaptionskip=\skip41
\belowcaptionskip=\skip42
\bibindent=\dimen102
)
(/usr/local/texlive/2019/texmf-dist/tex/latex/graphics/graphicx.sty
Package: graphicx 2017/06/01 v1.1a Enhanced LaTeX Graphics (DPC,SPQR)

(/usr/local/texlive/2019/texmf-dist/tex/latex/graphics/keyval.sty
Package: keyval 2014/10/28 v1.15 key=value parser (DPC)
\KV@toks@=\toks14
)
(/usr/local/texlive/2019/texmf-dist/tex/latex/graphics/graphics.sty
Package: graphics 2017/06/25 v1.2c Standard LaTeX Graphics (DPC,SPQR)

(/usr/local/texlive/2019/texmf-dist/tex/latex/graphics/trig.sty
Package: trig 2016/01/03 v1.10 sin cos tan (DPC)
)
(/usr/local/texlive/2019/texmf-dist/tex/latex/graphics-cfg/graphics.cfg
File: graphics.cfg 2016/06/04 v1.11 sample graphics configuration
)
Package graphics Info: Driver file: pdftex.def on input line 99.

(/usr/local/texlive/2019/texmf-dist/tex/latex/graphics-def/pdftex.def
File: pdftex.def 2018/01/08 v1.0l Graphics/color driver for pdftex
))
\Gin@req@height=\dimen103
\Gin@req@width=\dimen104
)
(/usr/local/texlive/2019/texmf-dist/tex/latex/oberdiek/epstopdf.sty
Package: epstopdf 2016/05/15 v2.6 Conversion with epstopdf on the fly (HO)

(/usr/local/texlive/2019/texmf-dist/tex/latex/oberdiek/epstopdf-base.sty
Package: epstopdf-base 2016/05/15 v2.6 Base part for package epstopdf

(/usr/local/texlive/2019/texmf-dist/tex/generic/oberdiek/infwarerr.sty
Package: infwarerr 2016/05/16 v1.4 Providing info/warning/error messages (HO)
)
(/usr/local/texlive/2019/texmf-dist/tex/latex/oberdiek/grfext.sty
Package: grfext 2016/05/16 v1.2 Manage graphics extensions (HO)

(/usr/local/texlive/2019/texmf-dist/tex/generic/oberdiek/kvdefinekeys.sty
Package: kvdefinekeys 2016/05/16 v1.4 Define keys (HO)

(/usr/local/texlive/2019/texmf-dist/tex/generic/oberdiek/ltxcmds.sty
Package: ltxcmds 2016/05/16 v1.23 LaTeX kernel commands for general use (HO)
)))
(/usr/local/texlive/2019/texmf-dist/tex/latex/oberdiek/kvoptions.sty
Package: kvoptions 2016/05/16 v3.12 Key value format for package options (HO)

(/usr/local/texlive/2019/texmf-dist/tex/generic/oberdiek/kvsetkeys.sty
Package: kvsetkeys 2016/05/16 v1.17 Key value parser (HO)

(/usr/local/texlive/2019/texmf-dist/tex/generic/oberdiek/etexcmds.sty
Package: etexcmds 2016/05/16 v1.6 Avoid name clashes with e-TeX commands (HO)

(/usr/local/texlive/2019/texmf-dist/tex/generic/oberdiek/ifluatex.sty
Package: ifluatex 2016/05/16 v1.4 Provides the ifluatex switch (HO)
Package ifluatex Info: LuaTeX not detected.
))))
(/usr/local/texlive/2019/texmf-dist/tex/generic/oberdiek/pdftexcmds.sty
Package: pdftexcmds 2018/09/10 v0.29 Utility functions of pdfTeX for LuaTeX (HO
)

(/usr/local/texlive/2019/texmf-dist/tex/generic/oberdiek/ifpdf.sty
Package: ifpdf 2018/09/07 v3.3 Provides the ifpdf switch
)
Package pdftexcmds Info: LuaTeX not detected.
Package pdftexcmds Info: \pdf@primitive is available.
Package pdftexcmds Info: \pdf@ifprimitive is available.
Package pdftexcmds Info: \pdfdraftmode found.
)
Package epstopdf-base Info: Redefining graphics rule for `.eps' on input line 4
38.
Package grfext Info: Graphics extension search list:
(grfext)             [.pdf,.png,.jpg,.mps,.jpeg,.jbig2,.jb2,.PDF,.PNG,.JPG,.JPE
G,.JBIG2,.JB2,.eps]
(grfext)             \AppendGraphicsExtensions on input line 456.

(/usr/local/texlive/2019/texmf-dist/tex/latex/latexconfig/epstopdf-sys.cfg
File: epstopdf-sys.cfg 2010/07/13 v1.3 Configuration of (r)epstopdf for TeX Liv
e
)))
(/usr/local/texlive/2019/texmf-dist/tex/latex/base/inputenc.sty
Package: inputenc 2018/08/11 v1.3c Input encoding file
\inpenc@prehook=\toks15
\inpenc@posthook=\toks16
)
(/usr/local/texlive/2019/texmf-dist/tex/latex/url/url.sty
\Urlmuskip=\muskip10
Package: url 2013/09/16  ver 3.4  Verb mode for urls, etc.
)
(/usr/local/texlive/2019/texmf-dist/tex/latex/graphics/color.sty
Package: color 2016/07/10 v1.1e Standard LaTeX Color (DPC)

(/usr/local/texlive/2019/texmf-dist/tex/latex/graphics-cfg/color.cfg
File: color.cfg 2016/01/02 v1.6 sample color configuration
)
Package color Info: Driver file: pdftex.def on input line 147.
)
(/usr/local/texlive/2019/texmf-dist/tex/latex/amsmath/amsmath.sty
Package: amsmath 2018/12/01 v2.17b AMS math features
\@mathmargin=\skip43

For additional information on amsmath, use the `?' option.
(/usr/local/texlive/2019/texmf-dist/tex/latex/amsmath/amstext.sty
Package: amstext 2000/06/29 v2.01 AMS text

(/usr/local/texlive/2019/texmf-dist/tex/latex/amsmath/amsgen.sty
File: amsgen.sty 1999/11/30 v2.0 generic functions
\@emptytoks=\toks17
\ex@=\dimen105
))
(/usr/local/texlive/2019/texmf-dist/tex/latex/amsmath/amsbsy.sty
Package: amsbsy 1999/11/29 v1.2d Bold Symbols
\pmbraise@=\dimen106
)
(/usr/local/texlive/2019/texmf-dist/tex/latex/amsmath/amsopn.sty
Package: amsopn 2016/03/08 v2.02 operator names
)
\inf@bad=\count88
LaTeX Info: Redefining \frac on input line 223.
\uproot@=\count89
\leftroot@=\count90
LaTeX Info: Redefining \overline on input line 385.
\classnum@=\count91
\DOTSCASE@=\count92
LaTeX Info: Redefining \ldots on input line 482.
LaTeX Info: Redefining \dots on input line 485.
LaTeX Info: Redefining \cdots on input line 606.
\Mathstrutbox@=\box27
\strutbox@=\box28
\big@size=\dimen107
LaTeX Font Info:    Redeclaring font encoding OML on input line 729.
LaTeX Font Info:    Redeclaring font encoding OMS on input line 730.
\macc@depth=\count93
\c@MaxMatrixCols=\count94
\dotsspace@=\muskip11
\c@parentequation=\count95
\dspbrk@lvl=\count96
\tag@help=\toks18
\row@=\count97
\column@=\count98
\maxfields@=\count99
\andhelp@=\toks19
\eqnshift@=\dimen108
\alignsep@=\dimen109
\tagshift@=\dimen110
\tagwidth@=\dimen111
\totwidth@=\dimen112
\lineht@=\dimen113
\@envbody=\toks20
\multlinegap=\skip44
\multlinetaggap=\skip45
\mathdisplay@stack=\toks21
LaTeX Info: Redefining \[ on input line 2844.
LaTeX Info: Redefining \] on input line 2845.
)
(/usr/local/texlive/2019/texmf-dist/tex/latex/amsfonts/amssymb.sty
Package: amssymb 2013/01/14 v3.01 AMS font symbols

(/usr/local/texlive/2019/texmf-dist/tex/latex/amsfonts/amsfonts.sty
Package: amsfonts 2013/01/14 v3.01 Basic AMSFonts support
\symAMSa=\mathgroup4
\symAMSb=\mathgroup5
LaTeX Font Info:    Overwriting math alphabet `\mathfrak' in version `bold'
(Font)                  U/euf/m/n --> U/euf/b/n on input line 106.
))
(/usr/local/texlive/2019/texmf-dist/tex/latex/booktabs/booktabs.sty
Package: booktabs 2016/04/27 v1.618033 publication quality tables
\heavyrulewidth=\dimen114
\lightrulewidth=\dimen115
\cmidrulewidth=\dimen116
\belowrulesep=\dimen117
\belowbottomsep=\dimen118
\aboverulesep=\dimen119
\abovetopsep=\dimen120
\cmidrulesep=\dimen121
\cmidrulekern=\dimen122
\defaultaddspace=\dimen123
\@cmidla=\count100
\@cmidlb=\count101
\@aboverulesep=\dimen124
\@belowrulesep=\dimen125
\@thisruleclass=\count102
\@lastruleclass=\count103
\@thisrulewidth=\dimen126
)
(/usr/local/texlive/2019/texmf-dist/tex/latex/caption/caption.sty
Package: caption 2018/10/06 v3.3-154 Customizing captions (AR)

(/usr/local/texlive/2019/texmf-dist/tex/latex/caption/caption3.sty
Package: caption3 2018/09/12 v1.8c caption3 kernel (AR)
Package caption3 Info: TeX engine: e-TeX on input line 64.
\captionmargin=\dimen127
\captionmargin@=\dimen128
\captionwidth=\dimen129
\caption@tempdima=\dimen130
\caption@indent=\dimen131
\caption@parindent=\dimen132
\caption@hangindent=\dimen133
)
\c@caption@flags=\count104
\c@ContinuedFloat=\count105
)
(/usr/local/texlive/2019/texmf-dist/tex/latex/caption/subcaption.sty
Package: subcaption 2018/05/01 v1.1-162 Sub-captions (AR)
\c@subfigure=\count106
\c@subtable=\count107
)
(/usr/local/texlive/2019/texmf-dist/tex/latex/threeparttable/threeparttable.sty
Package: threeparttable 2003/06/13  v 3.0
\@tempboxb=\box29
) (/usr/local/texlive/2019/texmf-dist/tex/latex/geometry/geometry.sty
Package: geometry 2018/04/16 v5.8 Page Geometry

(/usr/local/texlive/2019/texmf-dist/tex/generic/oberdiek/ifvtex.sty
Package: ifvtex 2016/05/16 v1.6 Detect VTeX and its facilities (HO)
Package ifvtex Info: VTeX not detected.
)
(/usr/local/texlive/2019/texmf-dist/tex/generic/ifxetex/ifxetex.sty
Package: ifxetex 2010/09/12 v0.6 Provides ifxetex conditional
)
\Gm@cnth=\count108
\Gm@cntv=\count109
\c@Gm@tempcnt=\count110
\Gm@bindingoffset=\dimen134
\Gm@wd@mp=\dimen135
\Gm@odd@mp=\dimen136
\Gm@even@mp=\dimen137
\Gm@layoutwidth=\dimen138
\Gm@layoutheight=\dimen139
\Gm@layouthoffset=\dimen140
\Gm@layoutvoffset=\dimen141
\Gm@dimlist=\toks22
)
(./The Effects of Automation on Industry Employment in Canada.aux

LaTeX Warning: Label `' multiply defined.


LaTeX Warning: Label `sub@' multiply defined.


LaTeX Warning: Label `' multiply defined.


LaTeX Warning: Label `sub@' multiply defined.


LaTeX Warning: Label `' multiply defined.


LaTeX Warning: Label `sub@' multiply defined.


LaTeX Warning: Label `' multiply defined.


LaTeX Warning: Label `' multiply defined.


LaTeX Warning: Label `' multiply defined.


LaTeX Warning: Label `' multiply defined.


LaTeX Warning: Label `' multiply defined.

)
\openout1 = `"The Effects of Automation on Industry Employment in Canada.aux"'.

LaTeX Font Info:    Checking defaults for OML/cmm/m/it on input line 17.
LaTeX Font Info:    ... okay on input line 17.
LaTeX Font Info:    Checking defaults for T1/cmr/m/n on input line 17.
LaTeX Font Info:    ... okay on input line 17.
LaTeX Font Info:    Checking defaults for OT1/cmr/m/n on input line 17.
LaTeX Font Info:    ... okay on input line 17.
LaTeX Font Info:    Checking defaults for OMS/cmsy/m/n on input line 17.
LaTeX Font Info:    ... okay on input line 17.
LaTeX Font Info:    Checking defaults for OMX/cmex/m/n on input line 17.
LaTeX Font Info:    ... okay on input line 17.
LaTeX Font Info:    Checking defaults for U/cmr/m/n on input line 17.
LaTeX Font Info:    ... okay on input line 17.
 (/usr/local/texlive/2019/texmf-dist/tex/context/base/mkii/supp-pdf.mkii
[Loading MPS to PDF converter (version 2006.09.02).]
\scratchcounter=\count111
\scratchdimen=\dimen142
\scratchbox=\box30
\nofMPsegments=\count112
\nofMParguments=\count113
\everyMPshowfont=\toks23
\MPscratchCnt=\count114
\MPscratchDim=\dimen143
\MPnumerator=\count115
\makeMPintoPDFobject=\count116
\everyMPtoPDFconversion=\toks24
)
Package caption Info: Begin \AtBeginDocument code.
Package caption Info: threeparttable package is loaded.
Package caption Info: End \AtBeginDocument code.

*geometry* driver: auto-detecting
*geometry* detected driver: pdftex
*geometry* verbose mode - [ preamble ] result:
* driver: pdftex
* paper: <default>
* layout: <same size as paper>
* layoutoffset:(h,v)=(0.0pt,0.0pt)
* modes: 
* h-part:(L,W,R)=(72.26999pt, 469.75502pt, 72.26999pt)
* v-part:(T,H,B)=(72.26999pt, 650.43001pt, 72.26999pt)
* \paperwidth=614.295pt
* \paperheight=794.96999pt
* \textwidth=469.75502pt
* \textheight=650.43001pt
* \oddsidemargin=0.0pt
* \evensidemargin=0.0pt
* \topmargin=-37.0pt
* \headheight=12.0pt
* \headsep=25.0pt
* \topskip=12.0pt
* \footskip=30.0pt
* \marginparwidth=44.0pt
* \marginparsep=10.0pt
* \columnsep=10.0pt
* \skip\footins=10.8pt plus 4.0pt minus 2.0pt
* \hoffset=0.0pt
* \voffset=0.0pt
* \mag=1000
* \@twocolumnfalse
* \@twosidefalse
* \@mparswitchfalse
* \@reversemarginfalse
* (1in=72.27pt=25.4mm, 1cm=28.453pt)

LaTeX Font Info:    Try loading font information for U+msa on input line 21.
(/usr/local/texlive/2019/texmf-dist/tex/latex/amsfonts/umsa.fd
File: umsa.fd 2013/01/14 v3.01 AMS symbols A
)
LaTeX Font Info:    Try loading font information for U+msb on input line 21.

(/usr/local/texlive/2019/texmf-dist/tex/latex/amsfonts/umsb.fd
File: umsb.fd 2013/01/14 v3.01 AMS symbols B
)
LaTeX Font Info:    Try loading font information for OMS+cmr on input line 33.

(/usr/local/texlive/2019/texmf-dist/tex/latex/base/omscmr.fd
File: omscmr.fd 2014/09/29 v2.5h Standard LaTeX font definitions
)
LaTeX Font Info:    Font shape `OMS/cmr/bx/n' in size <12> not available
(Font)              Font shape `OMS/cmsy/b/n' tried instead on input line 33.
 [1

{/usr/local/texlive/2019/texmf-var/fonts/map/pdftex/updmap/pdftex.map}]
LaTeX Font Info:    Font shape `OMS/cmr/m/n' in size <10.95> not available
(Font)              Font shape `OMS/cmsy/m/n' tried instead on input line 43.
 [2]
(./The Effects of Automation on Industry Employment in Canada.toc)
\tf@toc=\write3
\openout3 = `"The Effects of Automation on Industry Employment in Canada.toc"'.


(./The Effects of Automation on Industry Employment in Canada.lot)
\tf@lot=\write4
\openout4 = `"The Effects of Automation on Industry Employment in Canada.lot"'.


(./The Effects of Automation on Industry Employment in Canada.lof)
\tf@lof=\write5
\openout5 = `"The Effects of Automation on Industry Employment in Canada.lof"'.

 [3] [4]
[5] [6] [7] [8]
LaTeX Font Info:    Font shape `OMS/cmr/m/n' in size <12> not available
(Font)              Font shape `OMS/cmsy/m/n' tried instead on input line 120.
<employment.png, id=35, 1054.94125pt x 801.99625pt>
File: employment.png Graphic file (type png)
<use employment.png>
Package pdftex.def Info: employment.png  used on input line 127.
(pdftex.def)             Requested size: 263.73466pt x 200.49857pt.

Overfull \hbox (28.85716pt too wide) in paragraph at lines 127--129
 [][] 
 []

<log_employment.png, id=37, 1054.94125pt x 801.99625pt>
File: log_employment.png Graphic file (type png)
<use log_employment.png>
Package pdftex.def Info: log_employment.png  used on input line 133.
(pdftex.def)             Requested size: 263.73466pt x 200.49857pt.

Overfull \hbox (28.85716pt too wide) in paragraph at lines 133--135
 [][] 
 []


Underfull \hbox (badness 10000) in paragraph at lines 142--146
\OT1/cmr/m/n/12 56]. 
 []


Underfull \hbox (badness 10000) in paragraph at lines 142--146

 []

[9 <./employment.png> <./log_employment.png>]
Underfull \hbox (badness 10000) in paragraph at lines 170--174

 []

[10]
<wages.png, id=47, 1054.94125pt x 801.99625pt>
File: wages.png Graphic file (type png)
<use wages.png>
Package pdftex.def Info: wages.png  used on input line 188.
(pdftex.def)             Requested size: 263.73466pt x 200.49857pt.

Overfull \hbox (28.85716pt too wide) in paragraph at lines 188--190
 [][] 
 []

<log_wages.png, id=48, 1054.94125pt x 801.99625pt>
File: log_wages.png Graphic file (type png)
<use log_wages.png>
Package pdftex.def Info: log_wages.png  used on input line 194.
(pdftex.def)             Requested size: 263.73466pt x 200.49857pt.

Overfull \hbox (28.85716pt too wide) in paragraph at lines 194--196
 [][] 
 []

[11 <./wages.png> <./log_wages.png>] [12] [13]
Underfull \hbox (badness 10000) in paragraph at lines 353--357

 []

[14]
Underfull \hbox (badness 10000) in paragraph at lines 394--398
\OT1/cmr/m/n/12 cent. 
 []


Underfull \hbox (badness 10000) in paragraph at lines 394--398

 []

[15] [16] [17] [18] [19] [20]
Overfull \hbox (5.72021pt too wide) in paragraph at lines 723--723
[]\OT1/cmtt/m/n/12 setwd("~/Documents/NEW MAC/Office/Brock/MBE/ECON 5P04/RESEAR
CH PROJECT/data")[] 
 []


Overfull \hbox (697.32056pt too wide) in paragraph at lines 723--723
[]\OT1/cmtt/m/n/12 plm<-plm(log(df$Employment) ~ log(df$Degree_of_automation) +
 log(df$Wages) + log(df$OFF_Self_Classified) + log(df$OFF_Inferred) + log(df$OF
F_Externally_Coded), data = df, model = "pooling")[] 
 []


Overfull \hbox (734.37057pt too wide) in paragraph at lines 723--723
[]\OT1/cmtt/m/n/12 plm_within<-plm(log(df$Employment) ~ log(df$Degree_of_automa
tion) + log(df$Wages) + log(df$OFF_Self_Classified) + log(df$OFF_Inferred) + lo
g(df$OFF_Externally_Coded), data = df, model = "within")[] 
 []


Overfull \hbox (734.37057pt too wide) in paragraph at lines 723--723
[]\OT1/cmtt/m/n/12 plm_random<-plm(log(df$Employment) ~ log(df$Degree_of_automa
tion) + log(df$Wages) + log(df$OFF_Self_Classified) + log(df$OFF_Inferred) + lo
g(df$OFF_Externally_Coded), data = df, model = "random")[] 
 []


Overfull \hbox (5.72021pt too wide) in paragraph at lines 723--723
[]\OT1/cmtt/m/n/12 setwd("~/Documents/NEW MAC/Office/Brock/MBE/ECON 5P04/RESEAR
CH PROJECT/data")[] 
 []

[21]
Overfull \hbox (166.2703pt too wide) in paragraph at lines 723--723
[]\OT1/cmtt/m/n/12 `Employment in Transportation and warehousing [48-49]`<-df$`
EMP_Transportation and warehousing [48-49]`[] 
 []


Overfull \hbox (190.9703pt too wide) in paragraph at lines 723--723
[]\OT1/cmtt/m/n/12 `Employment in Information and cultural industries [51]`<-df
$`EMP_Information and cultural industries [51]`[] 
 []


Overfull \hbox (18.07022pt too wide) in paragraph at lines 723--723
[]\OT1/cmtt/m/n/12 `Employment in Finance and insurance [52]`<-df$`EMP_Finance 
and insurance [52]`[] 
 []


Overfull \hbox (388.5704pt too wide) in paragraph at lines 723--723
[]\OT1/cmtt/m/n/12 `Employment in Professional, scientific and technical servic
es [54,541]`<-df$`EMP_Professional, scientific and technical services [54,541]`
[] 
 []


Overfull \hbox (351.52039pt too wide) in paragraph at lines 723--723
[]\OT1/cmtt/m/n/12 `Employment in Business, building and other support services
 [55-56]`<-df$`EMP_Business, building and other support services [55-56]`[] 
 []


Overfull \hbox (166.2703pt too wide) in paragraph at lines 723--723
[]\OT1/cmtt/m/n/12 `Employment in Construction [23]`<-ts(`Employment in Constru
ction [23]`,start=c(1999,1), end=c(2019,1))[] 
 []


Overfull \hbox (215.67032pt too wide) in paragraph at lines 723--723
[]\OT1/cmtt/m/n/12 `Employment in Manufacturing [31-33]`<-ts(`Employment in Man
ufacturing [31-33]`,start=c(1999,1), end=c(2019,1))[] 
 []


Overfull \hbox (129.22028pt too wide) in paragraph at lines 723--723
[]\OT1/cmtt/m/n/12 `Employment in Trade [41-45N]`<-ts(`Employment in Trade [41-
45N]`,start=c(1999,1), end=c(2019,1))[] 
 []


Overfull \hbox (425.62042pt too wide) in paragraph at lines 723--723
[]\OT1/cmtt/m/n/12 `Employment in Transportation and warehousing [48-49]`<-ts(`
Employment in Transportation and warehousing [48-49]`,start=c(1999,1), end=c(20
19,1))[] 
 []


Overfull \hbox (450.32043pt too wide) in paragraph at lines 723--723
[]\OT1/cmtt/m/n/12 `Employment in Information and cultural industries [51]`<-ts
(`Employment in Information and cultural industries [51]`,start=c(1999,1), end=
c(2019,1))[] 
 []


Overfull \hbox (277.42035pt too wide) in paragraph at lines 723--723
[]\OT1/cmtt/m/n/12 `Employment in Finance and insurance [52]`<-ts(`Employment i
n Finance and insurance [52]`,start=c(1999,1), end=c(2019,1))[] 
 []


Overfull \hbox (647.92053pt too wide) in paragraph at lines 723--723
[]\OT1/cmtt/m/n/12 `Employment in Professional, scientific and technical servic
es [54,541]`<-ts(`Employment in Professional, scientific and technical services
 [54,541]`,start=c(1999,1), end=c(2019,1))[] 
 []


Overfull \hbox (610.87051pt too wide) in paragraph at lines 723--723
[]\OT1/cmtt/m/n/12 `Employment in Business, building and other support services
 [55-56]`<-ts(`Employment in Business, building and other support services [55-
56]`,start=c(1999,1), end=c(2019,1))[] 
 []


Overfull \hbox (190.9703pt too wide) in paragraph at lines 723--723
[]\OT1/cmtt/m/n/12 `Employment in Construction [23]`<-window(`Employment in Con
struction [23]`,start=c(1999,1), end=c(2019,1))[] 
 []


Overfull \hbox (505.89546pt too wide) in paragraph at lines 723--723
[]\OT1/cmtt/m/n/12 autoplot(`Employment in Construction [23]`, series = "Constr
uction [23]") + autolayer(`Employment in Manufacturing [31-33]`, series="Manufa
cturing [31-33]") +[] 
 []


Overfull \hbox (258.89534pt too wide) in paragraph at lines 723--723
[]  \OT1/cmtt/m/n/12 autolayer(`Employment in Transportation and warehousing [4
8-49]`, series="Transportation and warehousing [48-49]") +[] 
 []


Overfull \hbox (283.59535pt too wide) in paragraph at lines 723--723
[]  \OT1/cmtt/m/n/12 autolayer(`Employment in Information and cultural industri
es [51]`, series="Information and cultural industries [51]") +[] 
 []


Overfull \hbox (110.69527pt too wide) in paragraph at lines 723--723
[]  \OT1/cmtt/m/n/12 autolayer(`Employment in Finance and insurance [52]`, seri
es="Finance and insurance [52]") +[] 
 []


Overfull \hbox (481.19545pt too wide) in paragraph at lines 723--723
[]  \OT1/cmtt/m/n/12 autolayer(`Employment in Professional, scientific and tech
nical services [54,541]`, series="Professional, scientific and technical servic
es [54,541]") +[] 
 []


Overfull \hbox (444.14543pt too wide) in paragraph at lines 723--723
[]  \OT1/cmtt/m/n/12 autolayer(`Employment in Business, building and other supp
ort services [55-56]`, series="Business, building and other support services [5
5-56]") +[] 
 []


Overfull \hbox (147.74529pt too wide) in paragraph at lines 723--723
[]  \OT1/cmtt/m/n/12 ggtitle("Employment by industry, annual (2001-2019)") + xl
ab("Year") + ylab("Number of Employees")[] 
 []


Overfull \hbox (5.72021pt too wide) in paragraph at lines 723--723
[]\OT1/cmtt/m/n/12 `Log Employment in Manufacturing [31-33]`<-df$`log_EMP_Manuf
acturing [31-33]`[] 
 []


Overfull \hbox (215.67032pt too wide) in paragraph at lines 723--723
[]\OT1/cmtt/m/n/12 `Log Employment in Transportation and warehousing [48-49]`<-
df$`log_EMP_Transportation and warehousing [48-49]`[] 
 []


Overfull \hbox (240.37033pt too wide) in paragraph at lines 723--723
[]\OT1/cmtt/m/n/12 `Log Employment in Information and cultural industries [51]`
<-df$`log_EMP_Information and cultural industries [51]`[] 
 []


Overfull \hbox (67.47025pt too wide) in paragraph at lines 723--723
[]\OT1/cmtt/m/n/12 `Log Employment in Finance and insurance [52]`<-df$`log_EMP_
Finance and insurance [52]`[] 
 []


Overfull \hbox (437.97043pt too wide) in paragraph at lines 723--723
[]\OT1/cmtt/m/n/12 `Log Employment in Professional, scientific and technical se
rvices [54,541]`<-df$`log_EMP_Professional, scientific and technical services [
54,541]`[] 
 []


Overfull \hbox (400.92041pt too wide) in paragraph at lines 723--723
[]\OT1/cmtt/m/n/12 `Log Employment in Business, building and other support serv
ices [55-56]`<-df$`log_EMP_Business, building and other support services [55-56
]`[] 
 []


Overfull \hbox (215.67032pt too wide) in paragraph at lines 723--723
[]\OT1/cmtt/m/n/12 `Log Employment in Construction [23]`<-ts(`Log Employment in
 Construction [23]`,start=c(1999,1), end=c(2019,1))[] 
 []


Overfull \hbox (265.07034pt too wide) in paragraph at lines 723--723
[]\OT1/cmtt/m/n/12 `Log Employment in Manufacturing [31-33]`<-ts(`Log Employmen
t in Manufacturing [31-33]`,start=c(1999,1), end=c(2019,1))[] 
 []


Overfull \hbox (178.6203pt too wide) in paragraph at lines 723--723
[]\OT1/cmtt/m/n/12 `Log Employment in Trade [41-45N]`<-ts(`Log Employment in Tr
ade [41-45N]`,start=c(1999,1), end=c(2019,1))[] 
 []


Overfull \hbox (475.02045pt too wide) in paragraph at lines 723--723
[]\OT1/cmtt/m/n/12 `Log Employment in Transportation and warehousing [48-49]`<-
ts(`Log Employment in Transportation and warehousing [48-49]`,start=c(1999,1), 
end=c(2019,1))[] 
 []


Overfull \hbox (499.72046pt too wide) in paragraph at lines 723--723
[]\OT1/cmtt/m/n/12 `Log Employment in Information and cultural industries [51]`
<-ts(`Log Employment in Information and cultural industries [51]`,start=c(1999,
1), end=c(2019,1))[] 
 []


Overfull \hbox (326.82037pt too wide) in paragraph at lines 723--723
[]\OT1/cmtt/m/n/12 `Log Employment in Finance and insurance [52]`<-ts(`Log Empl
oyment in Finance and insurance [52]`,start=c(1999,1), end=c(2019,1))[] 
 []


Overfull \hbox (697.32056pt too wide) in paragraph at lines 723--723
[]\OT1/cmtt/m/n/12 `Log Employment in Professional, scientific and technical se
rvices [54,541]`<-ts(`Log Employment in Professional, scientific and technical 
services [54,541]`,start=c(1999,1), end=c(2019,1))[] 
 []


Overfull \hbox (660.27054pt too wide) in paragraph at lines 723--723
[]\OT1/cmtt/m/n/12 `Log Employment in Business, building and other support serv
ices [55-56]`<-ts(`Log Employment in Business, building and other support servi
ces [55-56]`,start=c(1999,1), end=c(2019,1))[] 
 []

[22]
Overfull \hbox (240.37033pt too wide) in paragraph at lines 723--723
[]\OT1/cmtt/m/n/12 `Log Employment in Construction [23]`<-window(`Log Employmen
t in Construction [23]`,start=c(1999,1), end=c(2019,1))[] 
 []


Overfull \hbox (555.29549pt too wide) in paragraph at lines 723--723
[]\OT1/cmtt/m/n/12 autoplot(`Log Employment in Construction [23]`, series = "Co
nstruction [23]") + autolayer(`Log Employment in Manufacturing [31-33]`, series
="Manufacturing [31-33]") +[] 
 []


Overfull \hbox (283.59535pt too wide) in paragraph at lines 723--723
[]  \OT1/cmtt/m/n/12 autolayer(`Log Employment in Transportation and warehousin
g [48-49]`, series="Transportation and warehousing [48-49]") +[] 
 []


Overfull \hbox (308.29536pt too wide) in paragraph at lines 723--723
[]  \OT1/cmtt/m/n/12 autolayer(`Log Employment in Information and cultural indu
stries [51]`, series="Information and cultural industries [51]") +[] 
 []


Overfull \hbox (135.39528pt too wide) in paragraph at lines 723--723
[]  \OT1/cmtt/m/n/12 autolayer(`Log Employment in Finance and insurance [52]`, 
series="Finance and insurance [52]") +[] 
 []


Overfull \hbox (505.89546pt too wide) in paragraph at lines 723--723
[]  \OT1/cmtt/m/n/12 autolayer(`Log Employment in Professional, scientific and 
technical services [54,541]`, series="Professional, scientific and technical se
rvices [54,541]") +[] 
 []


Overfull \hbox (468.84544pt too wide) in paragraph at lines 723--723
[]  \OT1/cmtt/m/n/12 autolayer(`Log Employment in Business, building and other 
support services [55-56]`, series="Business, building and other support service
s [55-56]") +[] 
 []


Overfull \hbox (172.4453pt too wide) in paragraph at lines 723--723
[]  \OT1/cmtt/m/n/12 ggtitle("Log Employment by industry, annual (2001-2019)") 
+ xlab("Year") + ylab("Number of Employees")[] 
 []


Overfull \hbox (141.57028pt too wide) in paragraph at lines 723--723
[]\OT1/cmtt/m/n/12 `Wages in Wholesale and retail trade [41, 44-45]`<-df$`WAGE_
Wholesale and retail trade [41, 44-45]`[] 
 []


Overfull \hbox (141.57028pt too wide) in paragraph at lines 723--723
[]\OT1/cmtt/m/n/12 `Wages in Transportation and warehousing [48-49]`<-df$`WAGE_
Transportation and warehousing [48-49]`[] 
 []


Overfull \hbox (215.67032pt too wide) in paragraph at lines 723--723
[]\OT1/cmtt/m/n/12 `Wages in Information, culture and recreation [51, 71]`<-df$
`WAGE_Information, culture and recreation [51, 71]`[] 
 []


Overfull \hbox (400.92041pt too wide) in paragraph at lines 723--723
[]\OT1/cmtt/m/n/12 `Wages in Finance, insurance, real estate, rental and leasin
g [52-53]`<-df$`WAGE_Finance, insurance, real estate, rental and leasing [52-53
]`[] 
 []


Overfull \hbox (314.47037pt too wide) in paragraph at lines 723--723
[]\OT1/cmtt/m/n/12 `Wages in Professional, scientific and technical services [5
4]`<-df$`WAGE_Professional, scientific and technical services [54]`[] 
 []


Overfull \hbox (326.82037pt too wide) in paragraph at lines 723--723
[]\OT1/cmtt/m/n/12 `Wages in Business, building and other support services [55-
56]`<-df$`WAGE_Business, building and other support services [55-56]`[] 
 []


Overfull \hbox (104.52026pt too wide) in paragraph at lines 723--723
[]\OT1/cmtt/m/n/12 `Wages in Construction [23]`<-ts(`Wages in Construction [23]
`,start=c(1999,1), end=c(2019,1))[] 
 []


Overfull \hbox (153.92029pt too wide) in paragraph at lines 723--723
[]\OT1/cmtt/m/n/12 `Wages in Manufacturing [31-33]`<-ts(`Wages in Manufacturing
 [31-33]`,start=c(1999,1), end=c(2019,1))[] 
 []


Overfull \hbox (363.87039pt too wide) in paragraph at lines 723--723
[]\OT1/cmtt/m/n/12 `Wages in Wholesale and retail trade [41, 44-45]`<-ts(`Wages
 in Wholesale and retail trade [41, 44-45]`,start=c(1999,1), end=c(2019,1))[] 
 []


Overfull \hbox (363.87039pt too wide) in paragraph at lines 723--723
[]\OT1/cmtt/m/n/12 `Wages in Transportation and warehousing [48-49]`<-ts(`Wages
 in Transportation and warehousing [48-49]`,start=c(1999,1), end=c(2019,1))[] 
 []


Overfull \hbox (437.97043pt too wide) in paragraph at lines 723--723
[]\OT1/cmtt/m/n/12 `Wages in Information, culture and recreation [51, 71]`<-ts(
`Wages in Information, culture and recreation [51, 71]`,start=c(1999,1), end=c(
2019,1))[] 
 []


Overfull \hbox (623.22052pt too wide) in paragraph at lines 723--723
[]\OT1/cmtt/m/n/12 `Wages in Finance, insurance, real estate, rental and leasin
g [52-53]`<-ts(`Wages in Finance, insurance, real estate, rental and leasing [5
2-53]`,start=c(1999,1), end=c(2019,1))[] 
 []


Overfull \hbox (536.77048pt too wide) in paragraph at lines 723--723
[]\OT1/cmtt/m/n/12 `Wages in Professional, scientific and technical services [5
4]`<-ts(`Wages in Professional, scientific and technical services [54]`,start=c
(1999,1), end=c(2019,1))[] 
 []


Overfull \hbox (549.12048pt too wide) in paragraph at lines 723--723
[]\OT1/cmtt/m/n/12 `Wages in Business, building and other support services [55-
56]`<-ts(`Wages in Business, building and other support services [55-56]`,start
=c(1999,1), end=c(2019,1))[] 
 []


Overfull \hbox (129.22028pt too wide) in paragraph at lines 723--723
[]\OT1/cmtt/m/n/12 `Wages in Construction [23]`<-window(`Wages in Construction 
[23]`,start=c(2001,1), end=c(2019,1))[] 
 []


Overfull \hbox (444.14543pt too wide) in paragraph at lines 723--723
[]\OT1/cmtt/m/n/12 autoplot(`Wages in Construction [23]`, series = "Constructio
n [23]") + autolayer(`Wages in Manufacturing [31-33]`, series="Manufacturing [3
1-33]") +[] 
 []


Overfull \hbox (228.02032pt too wide) in paragraph at lines 723--723
[]  \OT1/cmtt/m/n/12 autolayer(`Wages in Wholesale and retail trade [41, 44-45]
`, series="Wholesale and retail trade [41, 44-45]") +[] 
 []


Overfull \hbox (228.02032pt too wide) in paragraph at lines 723--723
[]  \OT1/cmtt/m/n/12 autolayer(`Wages in Transportation and warehousing [48-49]
`, series="Transportation and warehousing [48-49]") +[] 
 []


Overfull \hbox (302.12036pt too wide) in paragraph at lines 723--723
[]  \OT1/cmtt/m/n/12 autolayer(`Wages in Information, culture and recreation [5
1, 71]`, series="Information, culture and recreation [51, 71]") +[] 
 []


Overfull \hbox (283.59535pt too wide) in paragraph at lines 723--723
[]  \OT1/cmtt/m/n/12 autolayer(`Wages in Finance, insurance, real estate, renta
l and leasing [52-53]`, series="Finance and insurance [52]") +[] 
 []


Overfull \hbox (425.62042pt too wide) in paragraph at lines 723--723
[]  \OT1/cmtt/m/n/12 autolayer(`Wages in Professional, scientific and technical
 services [54]`, series="Professional, scientific and technical services [54,54
1]") +[] 
 []


Overfull \hbox (413.27042pt too wide) in paragraph at lines 723--723
[]  \OT1/cmtt/m/n/12 autolayer(`Wages in Business, building and other support s
ervices [55-56]`, series="Business, building and other support services [55-56]
") +[] 
 []


Overfull \hbox (116.87027pt too wide) in paragraph at lines 723--723
[]  \OT1/cmtt/m/n/12 ggtitle("Wages by industry, annual (2001-2019)") + xlab("Y
ear") + ylab("Number of Employees")[] 
 []


Overfull \hbox (190.9703pt too wide) in paragraph at lines 723--723
[]\OT1/cmtt/m/n/12 `Log Wages in Wholesale and retail trade [41, 44-45]`<-df$`l
og_WAGE_Wholesale and retail trade [41, 44-45]`[] 
 []

[23]
Overfull \hbox (190.9703pt too wide) in paragraph at lines 723--723
[]\OT1/cmtt/m/n/12 `Log Wages in Transportation and warehousing [48-49]`<-df$`l
og_WAGE_Transportation and warehousing [48-49]`[] 
 []


Overfull \hbox (265.07034pt too wide) in paragraph at lines 723--723
[]\OT1/cmtt/m/n/12 `Log Wages in Information, culture and recreation [51, 71]`<
-df$`log_WAGE_Information, culture and recreation [51, 71]`[] 
 []


Overfull \hbox (450.32043pt too wide) in paragraph at lines 723--723
[]\OT1/cmtt/m/n/12 `Log Wages in Finance, insurance, real estate, rental and le
asing [52-53]`<-df$`log_WAGE_Finance, insurance, real estate, rental and leasin
g [52-53]`[] 
 []


Overfull \hbox (363.87039pt too wide) in paragraph at lines 723--723
[]\OT1/cmtt/m/n/12 `Log Wages in Professional, scientific and technical service
s [54]`<-df$`log_WAGE_Professional, scientific and technical services [54]`[] 
 []


Overfull \hbox (376.2204pt too wide) in paragraph at lines 723--723
[]\OT1/cmtt/m/n/12 `Log Wages in Business, building and other support services 
[55-56]`<-df$`log_WAGE_Business, building and other support services [55-56]`[]
 
 []


Overfull \hbox (153.92029pt too wide) in paragraph at lines 723--723
[]\OT1/cmtt/m/n/12 `Log Wages in Construction [23]`<-ts(`Log Wages in Construct
ion [23]`,start=c(1999,1), end=c(2019,1))[] 
 []


Overfull \hbox (203.32031pt too wide) in paragraph at lines 723--723
[]\OT1/cmtt/m/n/12 `Log Wages in Manufacturing [31-33]`<-ts(`Log Wages in Manuf
acturing [31-33]`,start=c(1999,1), end=c(2019,1))[] 
 []


Overfull \hbox (413.27042pt too wide) in paragraph at lines 723--723
[]\OT1/cmtt/m/n/12 `Log Wages in Wholesale and retail trade [41, 44-45]`<-ts(`L
og Wages in Wholesale and retail trade [41, 44-45]`,start=c(1999,1), end=c(2019
,1))[] 
 []


Overfull \hbox (413.27042pt too wide) in paragraph at lines 723--723
[]\OT1/cmtt/m/n/12 `Log Wages in Transportation and warehousing [48-49]`<-ts(`L
og Wages in Transportation and warehousing [48-49]`,start=c(1999,1), end=c(2019
,1))[] 
 []


Overfull \hbox (487.37045pt too wide) in paragraph at lines 723--723
[]\OT1/cmtt/m/n/12 `Log Wages in Information, culture and recreation [51, 71]`<
-ts(`Log Wages in Information, culture and recreation [51, 71]`,start=c(1999,1)
, end=c(2019,1))[] 
 []


Overfull \hbox (672.62054pt too wide) in paragraph at lines 723--723
[]\OT1/cmtt/m/n/12 `Log Wages in Finance, insurance, real estate, rental and le
asing [52-53]`<-ts(`Log Wages in Finance, insurance, real estate, rental and le
asing [52-53]`,start=c(1999,1), end=c(2019,1))[] 
 []


Overfull \hbox (586.1705pt too wide) in paragraph at lines 723--723
[]\OT1/cmtt/m/n/12 `Log Wages in Professional, scientific and technical service
s [54]`<-ts(`Log Wages in Professional, scientific and technical services [54]`
,start=c(1999,1), end=c(2019,1))[] 
 []


Overfull \hbox (598.52051pt too wide) in paragraph at lines 723--723
[]\OT1/cmtt/m/n/12 `Log Wages in Business, building and other support services 
[55-56]`<-ts(`Log Wages in Business, building and other support services [55-56
]`,start=c(1999,1), end=c(2019,1))[] 
 []


Overfull \hbox (240.37033pt too wide) in paragraph at lines 723--723
[]\OT1/cmtt/m/n/12 `Log Employment in Construction [23]`<-window(`Log Employmen
t in Construction [23]`,start=c(2001,1), end=c(2019,1))[] 
 []


Overfull \hbox (493.54546pt too wide) in paragraph at lines 723--723
[]\OT1/cmtt/m/n/12 autoplot(`Log Wages in Construction [23]`, series = "Constru
ction [23]") + autolayer(`Log Wages in Manufacturing [31-33]`, series="Manufact
uring [31-33]") +[] 
 []


Overfull \hbox (252.72034pt too wide) in paragraph at lines 723--723
[]  \OT1/cmtt/m/n/12 autolayer(`Log Wages in Wholesale and retail trade [41, 44
-45]`, series="Wholesale and retail trade [41, 44-45]") +[] 
 []


Overfull \hbox (252.72034pt too wide) in paragraph at lines 723--723
[]  \OT1/cmtt/m/n/12 autolayer(`Log Wages in Transportation and warehousing [48
-49]`, series="Transportation and warehousing [48-49]") +[] 
 []


Overfull \hbox (302.12036pt too wide) in paragraph at lines 723--723
[]  \OT1/cmtt/m/n/12 autolayer(`Log Wages in Information, culture and recreatio
n [51, 71]`, series="Information and cultural industries [51]") +[] 
 []


Overfull \hbox (512.07047pt too wide) in paragraph at lines 723--723
[]  \OT1/cmtt/m/n/12 autolayer(`Log Wages in Finance, insurance, real estate, r
ental and leasing [52-53]`, series="Finance, insurance, real estate, rental and
 leasing [52-53]") +[] 
 []


Overfull \hbox (425.62042pt too wide) in paragraph at lines 723--723
[]  \OT1/cmtt/m/n/12 autolayer(`Log Wages in Professional, scientific and techn
ical services [54]`, series="Professional, scientific and technical services [5
4]") +[] 
 []


Overfull \hbox (437.97043pt too wide) in paragraph at lines 723--723
[]  \OT1/cmtt/m/n/12 autolayer(`Log Wages in Business, building and other suppo
rt services [55-56]`, series="Business, building and other support services [55
-56]") +[] 
 []


Overfull \hbox (141.57028pt too wide) in paragraph at lines 723--723
[]  \OT1/cmtt/m/n/12 ggtitle("Log Wages by industry, annual (2001-2019)") + xla
b("Year") + ylab("Number of Employees")[] 
 []

[24]
Overfull \hbox (18.07022pt too wide) in paragraph at lines 1028--1028
[]\OT1/cmtt/m/n/12 > setwd("~/Documents/NEW MAC/Office/Brock/MBE/ECON 5P04/RESE
ARCH PROJECT/data")[] 
 []


Overfull \hbox (55.12024pt too wide) in paragraph at lines 1028--1028
[]\OT1/cmtt/m/n/12 trying URL 'https://cran.rstudio.com/bin/macosx/el-capitan/c
ontrib/3.6/plm_2.2-3.tgz'[] 
 []


Overfull \hbox (24.24522pt too wide) in paragraph at lines 1028--1028
[]\OT1/cmtt/m/n/12 /var/folders/_q/6113pqk54tx8nbx6c22jwdr40000gn/T//RtmpMDxTEt
/downloaded_packages[] 
 []


Overfull \hbox (67.47025pt too wide) in paragraph at lines 1028--1028
[]\OT1/cmtt/m/n/12 trying URL 'https://cran.rstudio.com/bin/macosx/el-capitan/c
ontrib/3.6/dynlm_0.3-6.tgz'[] 
 []


Overfull \hbox (24.24522pt too wide) in paragraph at lines 1028--1028
[]\OT1/cmtt/m/n/12 /var/folders/_q/6113pqk54tx8nbx6c22jwdr40000gn/T//RtmpMDxTEt
/downloaded_packages[] 
 []


Overfull \hbox (92.17026pt too wide) in paragraph at lines 1028--1028
[]\OT1/cmtt/m/n/12 trying URL 'https://cran.rstudio.com/bin/macosx/el-capitan/c
ontrib/3.6/psych_1.9.12.31.tgz'[] 
 []

[25]
Overfull \hbox (24.24522pt too wide) in paragraph at lines 1028--1028
[]\OT1/cmtt/m/n/12 /var/folders/_q/6113pqk54tx8nbx6c22jwdr40000gn/T//RtmpMDxTEt
/downloaded_packages[] 
 []


Overfull \hbox (709.67056pt too wide) in paragraph at lines 1028--1028
[]\OT1/cmtt/m/n/12 > plm<-plm(log(df$Employment) ~ log(df$Degree_of_automation)
 + log(df$Wages) + log(df$OFF_Self_Classified) + log(df$OFF_Inferred) + log(df$
OFF_Externally_Coded), data = df, model = "pooling")[] 
 []

[26]
Overfull \hbox (746.72058pt too wide) in paragraph at lines 1028--1028
[]\OT1/cmtt/m/n/12 > plm_within<-plm(log(df$Employment) ~ log(df$Degree_of_auto
mation) + log(df$Wages) + log(df$OFF_Self_Classified) + log(df$OFF_Inferred) + 
log(df$OFF_Externally_Coded), data = df, model = "within")[] 
 []


Overfull \hbox (746.72058pt too wide) in paragraph at lines 1028--1028
[]\OT1/cmtt/m/n/12 > plm_random<-plm(log(df$Employment) ~ log(df$Degree_of_auto
mation) + log(df$Wages) + log(df$OFF_Self_Classified) + log(df$OFF_Inferred) + 
log(df$OFF_Externally_Coded), data = df, model = "random")[] 
 []

[27]
Overfull \hbox (5.72021pt too wide) in paragraph at lines 1028--1028
[]\OT1/cmtt/m/n/12 setwd("~/Documents/NEW MAC/Office/Brock/MBE/ECON 5P04/RESEAR
CH PROJECT/data")[] 
 []

[28]
Overfull \hbox (166.2703pt too wide) in paragraph at lines 1028--1028
[]\OT1/cmtt/m/n/12 `Employment in Transportation and warehousing [48-49]`<-df$`
EMP_Transportation and warehousing [48-49]`[] 
 []


Overfull \hbox (190.9703pt too wide) in paragraph at lines 1028--1028
[]\OT1/cmtt/m/n/12 `Employment in Information and cultural industries [51]`<-df
$`EMP_Information and cultural industries [51]`[] 
 []


Overfull \hbox (18.07022pt too wide) in paragraph at lines 1028--1028
[]\OT1/cmtt/m/n/12 `Employment in Finance and insurance [52]`<-df$`EMP_Finance 
and insurance [52]`[] 
 []


Overfull \hbox (388.5704pt too wide) in paragraph at lines 1028--1028
[]\OT1/cmtt/m/n/12 `Employment in Professional, scientific and technical servic
es [54,541]`<-df$`EMP_Professional, scientific and technical services [54,541]`
[] 
 []


Overfull \hbox (351.52039pt too wide) in paragraph at lines 1028--1028
[]\OT1/cmtt/m/n/12 `Employment in Business, building and other support services
 [55-56]`<-df$`EMP_Business, building and other support services [55-56]`[] 
 []


Overfull \hbox (166.2703pt too wide) in paragraph at lines 1028--1028
[]\OT1/cmtt/m/n/12 `Employment in Construction [23]`<-ts(`Employment in Constru
ction [23]`,start=c(1999,1), end=c(2019,1))[] 
 []


Overfull \hbox (215.67032pt too wide) in paragraph at lines 1028--1028
[]\OT1/cmtt/m/n/12 `Employment in Manufacturing [31-33]`<-ts(`Employment in Man
ufacturing [31-33]`,start=c(1999,1), end=c(2019,1))[] 
 []


Overfull \hbox (129.22028pt too wide) in paragraph at lines 1028--1028
[]\OT1/cmtt/m/n/12 `Employment in Trade [41-45N]`<-ts(`Employment in Trade [41-
45N]`,start=c(1999,1), end=c(2019,1))[] 
 []


Overfull \hbox (425.62042pt too wide) in paragraph at lines 1028--1028
[]\OT1/cmtt/m/n/12 `Employment in Transportation and warehousing [48-49]`<-ts(`
Employment in Transportation and warehousing [48-49]`,start=c(1999,1), end=c(20
19,1))[] 
 []


Overfull \hbox (450.32043pt too wide) in paragraph at lines 1028--1028
[]\OT1/cmtt/m/n/12 `Employment in Information and cultural industries [51]`<-ts
(`Employment in Information and cultural industries [51]`,start=c(1999,1), end=
c(2019,1))[] 
 []


Overfull \hbox (277.42035pt too wide) in paragraph at lines 1028--1028
[]\OT1/cmtt/m/n/12 `Employment in Finance and insurance [52]`<-ts(`Employment i
n Finance and insurance [52]`,start=c(1999,1), end=c(2019,1))[] 
 []


Overfull \hbox (647.92053pt too wide) in paragraph at lines 1028--1028
[]\OT1/cmtt/m/n/12 `Employment in Professional, scientific and technical servic
es [54,541]`<-ts(`Employment in Professional, scientific and technical services
 [54,541]`,start=c(1999,1), end=c(2019,1))[] 
 []


Overfull \hbox (610.87051pt too wide) in paragraph at lines 1028--1028
[]\OT1/cmtt/m/n/12 `Employment in Business, building and other support services
 [55-56]`<-ts(`Employment in Business, building and other support services [55-
56]`,start=c(1999,1), end=c(2019,1))[] 
 []


Overfull \hbox (190.9703pt too wide) in paragraph at lines 1028--1028
[]\OT1/cmtt/m/n/12 `Employment in Construction [23]`<-window(`Employment in Con
struction [23]`,start=c(1999,1), end=c(2019,1))[] 
 []


Overfull \hbox (505.89546pt too wide) in paragraph at lines 1028--1028
[]\OT1/cmtt/m/n/12 autoplot(`Employment in Construction [23]`, series = "Constr
uction [23]") + autolayer(`Employment in Manufacturing [31-33]`, series="Manufa
cturing [31-33]") +[] 
 []


Overfull \hbox (258.89534pt too wide) in paragraph at lines 1028--1028
[]  \OT1/cmtt/m/n/12 autolayer(`Employment in Transportation and warehousing [4
8-49]`, series="Transportation and warehousing [48-49]") +[] 
 []


Overfull \hbox (283.59535pt too wide) in paragraph at lines 1028--1028
[]  \OT1/cmtt/m/n/12 autolayer(`Employment in Information and cultural industri
es [51]`, series="Information and cultural industries [51]") +[] 
 []


Overfull \hbox (110.69527pt too wide) in paragraph at lines 1028--1028
[]  \OT1/cmtt/m/n/12 autolayer(`Employment in Finance and insurance [52]`, seri
es="Finance and insurance [52]") +[] 
 []


Overfull \hbox (481.19545pt too wide) in paragraph at lines 1028--1028
[]  \OT1/cmtt/m/n/12 autolayer(`Employment in Professional, scientific and tech
nical services [54,541]`, series="Professional, scientific and technical servic
es [54,541]") +[] 
 []


Overfull \hbox (444.14543pt too wide) in paragraph at lines 1028--1028
[]  \OT1/cmtt/m/n/12 autolayer(`Employment in Business, building and other supp
ort services [55-56]`, series="Business, building and other support services [5
5-56]") +[] 
 []


Overfull \hbox (147.74529pt too wide) in paragraph at lines 1028--1028
[]  \OT1/cmtt/m/n/12 ggtitle("Employment by industry, annual (2001-2019)") + xl
ab("Year") + ylab("Number of Employees")[] 
 []


Overfull \hbox (5.72021pt too wide) in paragraph at lines 1028--1028
[]\OT1/cmtt/m/n/12 `Log Employment in Manufacturing [31-33]`<-df$`log_EMP_Manuf
acturing [31-33]`[] 
 []


Overfull \hbox (215.67032pt too wide) in paragraph at lines 1028--1028
[]\OT1/cmtt/m/n/12 `Log Employment in Transportation and warehousing [48-49]`<-
df$`log_EMP_Transportation and warehousing [48-49]`[] 
 []


Overfull \hbox (240.37033pt too wide) in paragraph at lines 1028--1028
[]\OT1/cmtt/m/n/12 `Log Employment in Information and cultural industries [51]`
<-df$`log_EMP_Information and cultural industries [51]`[] 
 []


Overfull \hbox (67.47025pt too wide) in paragraph at lines 1028--1028
[]\OT1/cmtt/m/n/12 `Log Employment in Finance and insurance [52]`<-df$`log_EMP_
Finance and insurance [52]`[] 
 []


Overfull \hbox (437.97043pt too wide) in paragraph at lines 1028--1028
[]\OT1/cmtt/m/n/12 `Log Employment in Professional, scientific and technical se
rvices [54,541]`<-df$`log_EMP_Professional, scientific and technical services [
54,541]`[] 
 []


Overfull \hbox (400.92041pt too wide) in paragraph at lines 1028--1028
[]\OT1/cmtt/m/n/12 `Log Employment in Business, building and other support serv
ices [55-56]`<-df$`log_EMP_Business, building and other support services [55-56
]`[] 
 []


Overfull \hbox (215.67032pt too wide) in paragraph at lines 1028--1028
[]\OT1/cmtt/m/n/12 `Log Employment in Construction [23]`<-ts(`Log Employment in
 Construction [23]`,start=c(1999,1), end=c(2019,1))[] 
 []


Overfull \hbox (265.07034pt too wide) in paragraph at lines 1028--1028
[]\OT1/cmtt/m/n/12 `Log Employment in Manufacturing [31-33]`<-ts(`Log Employmen
t in Manufacturing [31-33]`,start=c(1999,1), end=c(2019,1))[] 
 []


Overfull \hbox (178.6203pt too wide) in paragraph at lines 1028--1028
[]\OT1/cmtt/m/n/12 `Log Employment in Trade [41-45N]`<-ts(`Log Employment in Tr
ade [41-45N]`,start=c(1999,1), end=c(2019,1))[] 
 []


Overfull \hbox (475.02045pt too wide) in paragraph at lines 1028--1028
[]\OT1/cmtt/m/n/12 `Log Employment in Transportation and warehousing [48-49]`<-
ts(`Log Employment in Transportation and warehousing [48-49]`,start=c(1999,1), 
end=c(2019,1))[] 
 []


Overfull \hbox (499.72046pt too wide) in paragraph at lines 1028--1028
[]\OT1/cmtt/m/n/12 `Log Employment in Information and cultural industries [51]`
<-ts(`Log Employment in Information and cultural industries [51]`,start=c(1999,
1), end=c(2019,1))[] 
 []

[29]
Overfull \hbox (326.82037pt too wide) in paragraph at lines 1028--1028
[]\OT1/cmtt/m/n/12 `Log Employment in Finance and insurance [52]`<-ts(`Log Empl
oyment in Finance and insurance [52]`,start=c(1999,1), end=c(2019,1))[] 
 []


Overfull \hbox (697.32056pt too wide) in paragraph at lines 1028--1028
[]\OT1/cmtt/m/n/12 `Log Employment in Professional, scientific and technical se
rvices [54,541]`<-ts(`Log Employment in Professional, scientific and technical 
services [54,541]`,start=c(1999,1), end=c(2019,1))[] 
 []


Overfull \hbox (660.27054pt too wide) in paragraph at lines 1028--1028
[]\OT1/cmtt/m/n/12 `Log Employment in Business, building and other support serv
ices [55-56]`<-ts(`Log Employment in Business, building and other support servi
ces [55-56]`,start=c(1999,1), end=c(2019,1))[] 
 []


Overfull \hbox (240.37033pt too wide) in paragraph at lines 1028--1028
[]\OT1/cmtt/m/n/12 `Log Employment in Construction [23]`<-window(`Log Employmen
t in Construction [23]`,start=c(1999,1), end=c(2019,1))[] 
 []


Overfull \hbox (555.29549pt too wide) in paragraph at lines 1028--1028
[]\OT1/cmtt/m/n/12 autoplot(`Log Employment in Construction [23]`, series = "Co
nstruction [23]") + autolayer(`Log Employment in Manufacturing [31-33]`, series
="Manufacturing [31-33]") +[] 
 []


Overfull \hbox (283.59535pt too wide) in paragraph at lines 1028--1028
[]  \OT1/cmtt/m/n/12 autolayer(`Log Employment in Transportation and warehousin
g [48-49]`, series="Transportation and warehousing [48-49]") +[] 
 []


Overfull \hbox (308.29536pt too wide) in paragraph at lines 1028--1028
[]  \OT1/cmtt/m/n/12 autolayer(`Log Employment in Information and cultural indu
stries [51]`, series="Information and cultural industries [51]") +[] 
 []


Overfull \hbox (135.39528pt too wide) in paragraph at lines 1028--1028
[]  \OT1/cmtt/m/n/12 autolayer(`Log Employment in Finance and insurance [52]`, 
series="Finance and insurance [52]") +[] 
 []


Overfull \hbox (505.89546pt too wide) in paragraph at lines 1028--1028
[]  \OT1/cmtt/m/n/12 autolayer(`Log Employment in Professional, scientific and 
technical services [54,541]`, series="Professional, scientific and technical se
rvices [54,541]") +[] 
 []


Overfull \hbox (468.84544pt too wide) in paragraph at lines 1028--1028
[]  \OT1/cmtt/m/n/12 autolayer(`Log Employment in Business, building and other 
support services [55-56]`, series="Business, building and other support service
s [55-56]") +[] 
 []


Overfull \hbox (172.4453pt too wide) in paragraph at lines 1028--1028
[]  \OT1/cmtt/m/n/12 ggtitle("Log Employment by industry, annual (2001-2019)") 
+ xlab("Year") + ylab("Number of Employees")[] 
 []


Overfull \hbox (141.57028pt too wide) in paragraph at lines 1028--1028
[]\OT1/cmtt/m/n/12 `Wages in Wholesale and retail trade [41, 44-45]`<-df$`WAGE_
Wholesale and retail trade [41, 44-45]`[] 
 []


Overfull \hbox (141.57028pt too wide) in paragraph at lines 1028--1028
[]\OT1/cmtt/m/n/12 `Wages in Transportation and warehousing [48-49]`<-df$`WAGE_
Transportation and warehousing [48-49]`[] 
 []


Overfull \hbox (215.67032pt too wide) in paragraph at lines 1028--1028
[]\OT1/cmtt/m/n/12 `Wages in Information, culture and recreation [51, 71]`<-df$
`WAGE_Information, culture and recreation [51, 71]`[] 
 []


Overfull \hbox (400.92041pt too wide) in paragraph at lines 1028--1028
[]\OT1/cmtt/m/n/12 `Wages in Finance, insurance, real estate, rental and leasin
g [52-53]`<-df$`WAGE_Finance, insurance, real estate, rental and leasing [52-53
]`[] 
 []


Overfull \hbox (314.47037pt too wide) in paragraph at lines 1028--1028
[]\OT1/cmtt/m/n/12 `Wages in Professional, scientific and technical services [5
4]`<-df$`WAGE_Professional, scientific and technical services [54]`[] 
 []


Overfull \hbox (326.82037pt too wide) in paragraph at lines 1028--1028
[]\OT1/cmtt/m/n/12 `Wages in Business, building and other support services [55-
56]`<-df$`WAGE_Business, building and other support services [55-56]`[] 
 []


Overfull \hbox (104.52026pt too wide) in paragraph at lines 1028--1028
[]\OT1/cmtt/m/n/12 `Wages in Construction [23]`<-ts(`Wages in Construction [23]
`,start=c(1999,1), end=c(2019,1))[] 
 []


Overfull \hbox (153.92029pt too wide) in paragraph at lines 1028--1028
[]\OT1/cmtt/m/n/12 `Wages in Manufacturing [31-33]`<-ts(`Wages in Manufacturing
 [31-33]`,start=c(1999,1), end=c(2019,1))[] 
 []


Overfull \hbox (363.87039pt too wide) in paragraph at lines 1028--1028
[]\OT1/cmtt/m/n/12 `Wages in Wholesale and retail trade [41, 44-45]`<-ts(`Wages
 in Wholesale and retail trade [41, 44-45]`,start=c(1999,1), end=c(2019,1))[] 
 []


Overfull \hbox (363.87039pt too wide) in paragraph at lines 1028--1028
[]\OT1/cmtt/m/n/12 `Wages in Transportation and warehousing [48-49]`<-ts(`Wages
 in Transportation and warehousing [48-49]`,start=c(1999,1), end=c(2019,1))[] 
 []


Overfull \hbox (437.97043pt too wide) in paragraph at lines 1028--1028
[]\OT1/cmtt/m/n/12 `Wages in Information, culture and recreation [51, 71]`<-ts(
`Wages in Information, culture and recreation [51, 71]`,start=c(1999,1), end=c(
2019,1))[] 
 []


Overfull \hbox (623.22052pt too wide) in paragraph at lines 1028--1028
[]\OT1/cmtt/m/n/12 `Wages in Finance, insurance, real estate, rental and leasin
g [52-53]`<-ts(`Wages in Finance, insurance, real estate, rental and leasing [5
2-53]`,start=c(1999,1), end=c(2019,1))[] 
 []


Overfull \hbox (536.77048pt too wide) in paragraph at lines 1028--1028
[]\OT1/cmtt/m/n/12 `Wages in Professional, scientific and technical services [5
4]`<-ts(`Wages in Professional, scientific and technical services [54]`,start=c
(1999,1), end=c(2019,1))[] 
 []


Overfull \hbox (549.12048pt too wide) in paragraph at lines 1028--1028
[]\OT1/cmtt/m/n/12 `Wages in Business, building and other support services [55-
56]`<-ts(`Wages in Business, building and other support services [55-56]`,start
=c(1999,1), end=c(2019,1))[] 
 []


Overfull \hbox (129.22028pt too wide) in paragraph at lines 1028--1028
[]\OT1/cmtt/m/n/12 `Wages in Construction [23]`<-window(`Wages in Construction 
[23]`,start=c(2001,1), end=c(2019,1))[] 
 []


Overfull \hbox (444.14543pt too wide) in paragraph at lines 1028--1028
[]\OT1/cmtt/m/n/12 autoplot(`Wages in Construction [23]`, series = "Constructio
n [23]") + autolayer(`Wages in Manufacturing [31-33]`, series="Manufacturing [3
1-33]") +[] 
 []


Overfull \hbox (228.02032pt too wide) in paragraph at lines 1028--1028
[]  \OT1/cmtt/m/n/12 autolayer(`Wages in Wholesale and retail trade [41, 44-45]
`, series="Wholesale and retail trade [41, 44-45]") +[] 
 []


Overfull \hbox (228.02032pt too wide) in paragraph at lines 1028--1028
[]  \OT1/cmtt/m/n/12 autolayer(`Wages in Transportation and warehousing [48-49]
`, series="Transportation and warehousing [48-49]") +[] 
 []


Overfull \hbox (302.12036pt too wide) in paragraph at lines 1028--1028
[]  \OT1/cmtt/m/n/12 autolayer(`Wages in Information, culture and recreation [5
1, 71]`, series="Information, culture and recreation [51, 71]") +[] 
 []


Overfull \hbox (283.59535pt too wide) in paragraph at lines 1028--1028
[]  \OT1/cmtt/m/n/12 autolayer(`Wages in Finance, insurance, real estate, renta
l and leasing [52-53]`, series="Finance and insurance [52]") +[] 
 []


Overfull \hbox (425.62042pt too wide) in paragraph at lines 1028--1028
[]  \OT1/cmtt/m/n/12 autolayer(`Wages in Professional, scientific and technical
 services [54]`, series="Professional, scientific and technical services [54,54
1]") +[] 
 []


Overfull \hbox (413.27042pt too wide) in paragraph at lines 1028--1028
[]  \OT1/cmtt/m/n/12 autolayer(`Wages in Business, building and other support s
ervices [55-56]`, series="Business, building and other support services [55-56]
") +[] 
 []


Overfull \hbox (116.87027pt too wide) in paragraph at lines 1028--1028
[]  \OT1/cmtt/m/n/12 ggtitle("Wages by industry, annual (2001-2019)") + xlab("Y
ear") + ylab("Number of Employees")[] 
 []

[30]
Overfull \hbox (190.9703pt too wide) in paragraph at lines 1028--1028
[]\OT1/cmtt/m/n/12 `Log Wages in Wholesale and retail trade [41, 44-45]`<-df$`l
og_WAGE_Wholesale and retail trade [41, 44-45]`[] 
 []


Overfull \hbox (190.9703pt too wide) in paragraph at lines 1028--1028
[]\OT1/cmtt/m/n/12 `Log Wages in Transportation and warehousing [48-49]`<-df$`l
og_WAGE_Transportation and warehousing [48-49]`[] 
 []


Overfull \hbox (265.07034pt too wide) in paragraph at lines 1028--1028
[]\OT1/cmtt/m/n/12 `Log Wages in Information, culture and recreation [51, 71]`<
-df$`log_WAGE_Information, culture and recreation [51, 71]`[] 
 []


Overfull \hbox (450.32043pt too wide) in paragraph at lines 1028--1028
[]\OT1/cmtt/m/n/12 `Log Wages in Finance, insurance, real estate, rental and le
asing [52-53]`<-df$`log_WAGE_Finance, insurance, real estate, rental and leasin
g [52-53]`[] 
 []


Overfull \hbox (363.87039pt too wide) in paragraph at lines 1028--1028
[]\OT1/cmtt/m/n/12 `Log Wages in Professional, scientific and technical service
s [54]`<-df$`log_WAGE_Professional, scientific and technical services [54]`[] 
 []


Overfull \hbox (376.2204pt too wide) in paragraph at lines 1028--1028
[]\OT1/cmtt/m/n/12 `Log Wages in Business, building and other support services 
[55-56]`<-df$`log_WAGE_Business, building and other support services [55-56]`[]
 
 []


Overfull \hbox (153.92029pt too wide) in paragraph at lines 1028--1028
[]\OT1/cmtt/m/n/12 `Log Wages in Construction [23]`<-ts(`Log Wages in Construct
ion [23]`,start=c(1999,1), end=c(2019,1))[] 
 []


Overfull \hbox (203.32031pt too wide) in paragraph at lines 1028--1028
[]\OT1/cmtt/m/n/12 `Log Wages in Manufacturing [31-33]`<-ts(`Log Wages in Manuf
acturing [31-33]`,start=c(1999,1), end=c(2019,1))[] 
 []


Overfull \hbox (413.27042pt too wide) in paragraph at lines 1028--1028
[]\OT1/cmtt/m/n/12 `Log Wages in Wholesale and retail trade [41, 44-45]`<-ts(`L
og Wages in Wholesale and retail trade [41, 44-45]`,start=c(1999,1), end=c(2019
,1))[] 
 []


Overfull \hbox (413.27042pt too wide) in paragraph at lines 1028--1028
[]\OT1/cmtt/m/n/12 `Log Wages in Transportation and warehousing [48-49]`<-ts(`L
og Wages in Transportation and warehousing [48-49]`,start=c(1999,1), end=c(2019
,1))[] 
 []


Overfull \hbox (487.37045pt too wide) in paragraph at lines 1028--1028
[]\OT1/cmtt/m/n/12 `Log Wages in Information, culture and recreation [51, 71]`<
-ts(`Log Wages in Information, culture and recreation [51, 71]`,start=c(1999,1)
, end=c(2019,1))[] 
 []


Overfull \hbox (672.62054pt too wide) in paragraph at lines 1028--1028
[]\OT1/cmtt/m/n/12 `Log Wages in Finance, insurance, real estate, rental and le
asing [52-53]`<-ts(`Log Wages in Finance, insurance, real estate, rental and le
asing [52-53]`,start=c(1999,1), end=c(2019,1))[] 
 []


Overfull \hbox (586.1705pt too wide) in paragraph at lines 1028--1028
[]\OT1/cmtt/m/n/12 `Log Wages in Professional, scientific and technical service
s [54]`<-ts(`Log Wages in Professional, scientific and technical services [54]`
,start=c(1999,1), end=c(2019,1))[] 
 []


Overfull \hbox (598.52051pt too wide) in paragraph at lines 1028--1028
[]\OT1/cmtt/m/n/12 `Log Wages in Business, building and other support services 
[55-56]`<-ts(`Log Wages in Business, building and other support services [55-56
]`,start=c(1999,1), end=c(2019,1))[] 
 []


Overfull \hbox (240.37033pt too wide) in paragraph at lines 1028--1028
[]\OT1/cmtt/m/n/12 `Log Employment in Construction [23]`<-window(`Log Employmen
t in Construction [23]`,start=c(2001,1), end=c(2019,1))[] 
 []


Overfull \hbox (493.54546pt too wide) in paragraph at lines 1028--1028
[]\OT1/cmtt/m/n/12 autoplot(`Log Wages in Construction [23]`, series = "Constru
ction [23]") + autolayer(`Log Wages in Manufacturing [31-33]`, series="Manufact
uring [31-33]") +[] 
 []


Overfull \hbox (252.72034pt too wide) in paragraph at lines 1028--1028
[]  \OT1/cmtt/m/n/12 autolayer(`Log Wages in Wholesale and retail trade [41, 44
-45]`, series="Wholesale and retail trade [41, 44-45]") +[] 
 []


Overfull \hbox (252.72034pt too wide) in paragraph at lines 1028--1028
[]  \OT1/cmtt/m/n/12 autolayer(`Log Wages in Transportation and warehousing [48
-49]`, series="Transportation and warehousing [48-49]") +[] 
 []


Overfull \hbox (302.12036pt too wide) in paragraph at lines 1028--1028
[]  \OT1/cmtt/m/n/12 autolayer(`Log Wages in Information, culture and recreatio
n [51, 71]`, series="Information and cultural industries [51]") +[] 
 []


Overfull \hbox (512.07047pt too wide) in paragraph at lines 1028--1028
[]  \OT1/cmtt/m/n/12 autolayer(`Log Wages in Finance, insurance, real estate, r
ental and leasing [52-53]`, series="Finance, insurance, real estate, rental and
 leasing [52-53]") +[] 
 []


Overfull \hbox (425.62042pt too wide) in paragraph at lines 1028--1028
[]  \OT1/cmtt/m/n/12 autolayer(`Log Wages in Professional, scientific and techn
ical services [54]`, series="Professional, scientific and technical services [5
4]") +[] 
 []


Overfull \hbox (437.97043pt too wide) in paragraph at lines 1028--1028
[]  \OT1/cmtt/m/n/12 autolayer(`Log Wages in Business, building and other suppo
rt services [55-56]`, series="Business, building and other support services [55
-56]") +[] 
 []


Overfull \hbox (141.57028pt too wide) in paragraph at lines 1028--1028
[]  \OT1/cmtt/m/n/12 ggtitle("Log Wages by industry, annual (2001-2019)") + xla
b("Year") + ylab("Number of Employees")[] 
 []

[31] (./The Effects of Automation on Industry Employment in Canada.aux)

LaTeX Warning: There were multiply-defined labels.

 ) 
Here is how much of TeX's memory you used:
 4321 strings out of 492616
 64990 string characters out of 6129482
 154763 words of memory out of 5000000
 8155 multiletter control sequences out of 15000+600000
 16930 words of font info for 65 fonts, out of 8000000 for 9000
 1141 hyphenation exceptions out of 8191
 42i,11n,40p,1603b,465s stack positions out of 5000i,500n,10000p,200000b,80000s
</usr/local/texlive/2019/texmf-dist/fonts/type1/public/amsfonts/cm/cmbsy10.pf
b></usr/local/texlive/2019/texmf-dist/fonts/type1/public/amsfonts/cm/cmbx10.pfb
></usr/local/texlive/2019/texmf-dist/fonts/type1/public/amsfonts/cm/cmbx12.pfb>
</usr/local/texlive/2019/texmf-dist/fonts/type1/public/amsfonts/cm/cmmi12.pfb><
/usr/local/texlive/2019/texmf-dist/fonts/type1/public/amsfonts/cm/cmmi8.pfb></u
sr/local/texlive/2019/texmf-dist/fonts/type1/public/amsfonts/cm/cmr10.pfb></usr
/local/texlive/2019/texmf-dist/fonts/type1/public/amsfonts/cm/cmr12.pfb></usr/l
ocal/texlive/2019/texmf-dist/fonts/type1/public/amsfonts/cm/cmr17.pfb></usr/loc
al/texlive/2019/texmf-dist/fonts/type1/public/amsfonts/cm/cmr8.pfb></usr/local/
texlive/2019/texmf-dist/fonts/type1/public/amsfonts/cm/cmsy10.pfb></usr/local/t
exlive/2019/texmf-dist/fonts/type1/public/amsfonts/cm/cmti10.pfb></usr/local/te
xlive/2019/texmf-dist/fonts/type1/public/amsfonts/cm/cmti12.pfb></usr/local/tex
live/2019/texmf-dist/fonts/type1/public/amsfonts/cm/cmtt12.pfb>
Output written on "The Effects of Automation on Industry Employment in Canada.p
df" (31 pages, 535761 bytes).
PDF statistics:
 166 PDF objects out of 1000 (max. 8388607)
 110 compressed objects within 2 object streams
 0 named destinations out of 1000 (max. 500000)
 21 words of extra memory for PDF output out of 10000 (max. 10000000)

